
> experiments-workspace@0.1.0 dev
> npm run dev -w @experiments/web --host 0.0.0.0 --port 5173

npm warn "0.0.0.0" is being parsed as a normal command line argument.
npm warn "5173" is being parsed as a normal command line argument.
npm warn Unknown cli config "--host". This will stop working in the next major version of npm.
npm warn Unknown cli config "--port". This will stop working in the next major version of npm.

> @experiments/web@0.1.0 dev
> vite 0.0.0.0 5173

error when starting dev server:
Error: listen EPERM: operation not permitted 127.0.0.1:5173
    at Server.setupListenHandle [as _listen2] (node:net:1918:21)
    at listenInCluster (node:net:1997:12)
    at GetAddrInfoReqWrap.callback (node:net:2206:7)
    at GetAddrInfoReqWrap.onlookupall [as oncomplete] (node:dns:133:8)
npm error Lifecycle script `dev` failed with error:
npm error code 1
npm error path /data/work/Experiments/apps/web
npm error workspace @experiments/web@0.1.0
npm error location /data/work/Experiments/apps/web
npm error command failed
npm error command sh -c vite 0.0.0.0 5173

> @experiments/web@0.1.0 dev
> vite --host 0.0.0.0 --port 5173

error when starting dev server:
Error: listen EPERM: operation not permitted 0.0.0.0:5173
    at Server.setupListenHandle [as _listen2] (node:net:1918:21)
    at listenInCluster (node:net:1997:12)
    at node:net:2206:7
    at process.processTicksAndRejections (node:internal/process/task_queues:89:21)
npm error Lifecycle script `dev` failed with error:
npm error code 1
npm error path /data/work/Experiments/apps/web
npm error workspace @experiments/web@0.1.0
npm error location /data/work/Experiments/apps/web
npm error command failed
npm error command sh -c vite --host 0.0.0.0 --port 5173

> experiments-workspace@0.1.0 dev
> npm run dev -w @experiments/web


> @experiments/web@0.1.0 dev
> vite


  VITE v6.4.1  ready in 123 ms

  ➜  Local:   http://localhost:5173/
  ➜  Network: http://146.118.123.52:5173/
